<?xml version="1.0" encoding="UTF-8"?>
<testng-results ignored="2" total="14" passed="12" failed="0" skipped="0">
  <reporter-output>
  </reporter-output>
  <suite started-at="2021-08-03T15:29:28 IST" name="Loan Department" finished-at="2021-08-03T15:29:28 IST" duration-ms="111">
    <groups>
      <group name="smoke">
        <method signature="Day2.ploan()[pri:0, instance:test.Day2@6babf3bf]" name="ploan" class="test.Day2"/>
        <method signature="Day3.webLoginCarLoan()[pri:0, instance:test.Day3@209da20d]" name="webLoginCarLoan" class="test.Day3"/>
        <method signature="Day4.webLoginHomeLoan()[pri:0, instance:test.Day4@3c7f66c4]" name="webLoginHomeLoan" class="test.Day4"/>
      </group> <!-- smoke -->
    </groups>
    <test started-at="2021-08-03T15:29:28 IST" name="Personal Loan" finished-at="2021-08-03T15:29:28 IST" duration-ms="36">
      <class name="test.Day1">
        <test-method signature="demo(java.lang.String)[pri:0, instance:test.Day1@378542de]" started-at="2021-08-03T15:29:28 IST" name="demo" finished-at="2021-08-03T15:29:28 IST" duration-ms="5" status="PASS">
          <params>
            <param index="0">
              <value>
                <![CDATA[https://www.qaclickacademy.com/]]>
              </value>
            </param>
          </params>
          <reporter-output>
          </reporter-output>
        </test-method> <!-- demo -->
      </class> <!-- test.Day1 -->
      <class name="test.Day2">
        <test-method is-config="true" signature="prequisite()[pri:0, instance:test.Day2@6babf3bf]" started-at="2021-08-03T15:29:28 IST" name="prequisite" finished-at="2021-08-03T15:29:28 IST" duration-ms="0" status="PASS">
          <reporter-output>
          </reporter-output>
        </test-method> <!-- prequisite -->
        <test-method signature="ploan()[pri:0, instance:test.Day2@6babf3bf]" started-at="2021-08-03T15:29:28 IST" name="ploan" finished-at="2021-08-03T15:29:28 IST" duration-ms="8" status="PASS">
          <reporter-output>
          </reporter-output>
        </test-method> <!-- ploan -->
        <test-method signature="test(java.lang.String,java.lang.String)[pri:0, instance:test.Day2@6babf3bf]" started-at="2021-08-03T15:29:28 IST" name="test" finished-at="2021-08-03T15:29:28 IST" duration-ms="1" status="PASS">
          <params>
            <param index="0">
              <value>
                <![CDATA[https://www.qaclickacademy.com/]]>
              </value>
            </param>
            <param index="1">
              <value>
                <![CDATA[12345]]>
              </value>
            </param>
          </params>
          <reporter-output>
          </reporter-output>
        </test-method> <!-- test -->
        <test-method is-config="true" signature="lastTest()[pri:0, instance:test.Day2@6babf3bf]" started-at="2021-08-03T15:29:28 IST" name="lastTest" finished-at="2021-08-03T15:29:28 IST" duration-ms="1" status="PASS">
          <reporter-output>
          </reporter-output>
        </test-method> <!-- lastTest -->
      </class> <!-- test.Day2 -->
    </test> <!-- Personal Loan -->
    <test started-at="2021-08-03T15:29:28 IST" name="Car Loan" finished-at="2021-08-03T15:29:28 IST" duration-ms="44">
      <class name="test.Day3">
        <test-method signature="mobileLoginCarLoan(java.lang.String,java.lang.String)[pri:0, instance:test.Day3@209da20d]" started-at="2021-08-03T15:29:28 IST" name="mobileLoginCarLoan" data-provider="getData" finished-at="2021-08-03T15:29:28 IST" duration-ms="6" status="PASS">
          <params>
            <param index="0">
              <value>
                <![CDATA[username1]]>
              </value>
            </param>
            <param index="1">
              <value>
                <![CDATA[password1]]>
              </value>
            </param>
          </params>
          <reporter-output>
          </reporter-output>
        </test-method> <!-- mobileLoginCarLoan -->
        <test-method signature="mobileLoginCarLoan(java.lang.String,java.lang.String)[pri:0, instance:test.Day3@209da20d]" started-at="2021-08-03T15:29:28 IST" name="mobileLoginCarLoan" data-provider="getData" finished-at="2021-08-03T15:29:28 IST" duration-ms="1" status="PASS">
          <params>
            <param index="0">
              <value>
                <![CDATA[username2]]>
              </value>
            </param>
            <param index="1">
              <value>
                <![CDATA[password2]]>
              </value>
            </param>
          </params>
          <reporter-output>
          </reporter-output>
        </test-method> <!-- mobileLoginCarLoan -->
        <test-method signature="mobileLoginCarLoan(java.lang.String,java.lang.String)[pri:0, instance:test.Day3@209da20d]" started-at="2021-08-03T15:29:28 IST" name="mobileLoginCarLoan" data-provider="getData" finished-at="2021-08-03T15:29:28 IST" duration-ms="2" status="PASS">
          <params>
            <param index="0">
              <value>
                <![CDATA[username3]]>
              </value>
            </param>
            <param index="1">
              <value>
                <![CDATA[password3]]>
              </value>
            </param>
          </params>
          <reporter-output>
          </reporter-output>
        </test-method> <!-- mobileLoginCarLoan -->
        <test-method signature="mobileSignInCarLoan()[pri:0, instance:test.Day3@209da20d]" started-at="2021-08-03T15:29:28 IST" name="mobileSignInCarLoan" finished-at="2021-08-03T15:29:28 IST" duration-ms="1" status="PASS">
          <reporter-output>
          </reporter-output>
        </test-method> <!-- mobileSignInCarLoan -->
        <test-method signature="webLoginCarLoan()[pri:0, instance:test.Day3@209da20d]" started-at="2021-08-03T15:29:28 IST" name="webLoginCarLoan" finished-at="2021-08-03T15:29:28 IST" duration-ms="1" status="PASS">
          <reporter-output>
          </reporter-output>
        </test-method> <!-- webLoginCarLoan -->
        <test-method signature="mobileSignOutCarLoan()[pri:0, instance:test.Day3@209da20d]" started-at="2021-08-03T15:29:28 IST" name="mobileSignOutCarLoan" finished-at="2021-08-03T15:29:28 IST" depends-on-methods="test.Day3.mobileLoginCarLoan, test.Day3.mobileSignInCarLoan" duration-ms="1" status="PASS">
          <reporter-output>
          </reporter-output>
        </test-method> <!-- mobileSignOutCarLoan -->
      </class> <!-- test.Day3 -->
    </test> <!-- Car Loan -->
    <test started-at="2021-08-03T15:29:28 IST" name="Home Loan" finished-at="2021-08-03T15:29:28 IST" duration-ms="18">
      <class name="test.Day3">
        <test-method is-config="true" signature="bsuite()[pri:0, instance:test.Day3@209da20d]" started-at="2021-08-03T15:29:28 IST" name="bsuite" finished-at="2021-08-03T15:29:28 IST" duration-ms="6" status="PASS">
          <reporter-output>
          </reporter-output>
        </test-method> <!-- bsuite -->
        <test-method is-config="true" signature="asuite()[pri:0, instance:test.Day3@209da20d]" started-at="2021-08-03T15:29:28 IST" name="asuite" finished-at="2021-08-03T15:29:28 IST" duration-ms="1" status="PASS">
          <reporter-output>
          </reporter-output>
        </test-method> <!-- asuite -->
      </class> <!-- test.Day3 -->
      <class name="test.Day4">
        <test-method is-config="true" signature="bClass()[pri:0, instance:test.Day4@3c7f66c4]" started-at="2021-08-03T15:29:28 IST" name="bClass" finished-at="2021-08-03T15:29:28 IST" duration-ms="0" status="PASS">
          <reporter-output>
          </reporter-output>
        </test-method> <!-- bClass -->
        <test-method is-config="true" signature="bMethod()[pri:0, instance:test.Day4@3c7f66c4]" started-at="2021-08-03T15:29:28 IST" name="bMethod" finished-at="2021-08-03T15:29:28 IST" duration-ms="4" status="PASS">
          <reporter-output>
          </reporter-output>
        </test-method> <!-- bMethod -->
        <test-method signature="loginAPIHomeLoan()[pri:0, instance:test.Day4@3c7f66c4]" started-at="2021-08-03T15:29:28 IST" name="loginAPIHomeLoan" finished-at="2021-08-03T15:29:28 IST" duration-ms="2" status="PASS">
          <reporter-output>
          </reporter-output>
        </test-method> <!-- loginAPIHomeLoan -->
        <test-method is-config="true" signature="bMethod()[pri:0, instance:test.Day4@3c7f66c4]" started-at="2021-08-03T15:29:28 IST" name="bMethod" finished-at="2021-08-03T15:29:28 IST" duration-ms="1" status="PASS">
          <reporter-output>
          </reporter-output>
        </test-method> <!-- bMethod -->
        <test-method is-config="true" signature="aMethod()[pri:0, instance:test.Day4@3c7f66c4]" started-at="2021-08-03T15:29:28 IST" name="aMethod" finished-at="2021-08-03T15:29:28 IST" duration-ms="0" status="PASS">
          <reporter-output>
          </reporter-output>
        </test-method> <!-- aMethod -->
        <test-method signature="mobileLoginHomeLoan()[pri:0, instance:test.Day4@3c7f66c4]" started-at="2021-08-03T15:29:28 IST" name="mobileLoginHomeLoan" finished-at="2021-08-03T15:29:28 IST" duration-ms="1" status="PASS">
          <reporter-output>
          </reporter-output>
        </test-method> <!-- mobileLoginHomeLoan -->
        <test-method is-config="true" signature="aMethod()[pri:0, instance:test.Day4@3c7f66c4]" started-at="2021-08-03T15:29:28 IST" name="aMethod" finished-at="2021-08-03T15:29:28 IST" duration-ms="0" status="PASS">
          <reporter-output>
          </reporter-output>
        </test-method> <!-- aMethod -->
        <test-method signature="webLoginHomeLoan()[pri:0, instance:test.Day4@3c7f66c4]" started-at="2021-08-03T15:29:28 IST" name="webLoginHomeLoan" finished-at="2021-08-03T15:29:28 IST" duration-ms="1" status="PASS">
          <reporter-output>
          </reporter-output>
        </test-method> <!-- webLoginHomeLoan -->
        <test-method is-config="true" signature="bMethod()[pri:0, instance:test.Day4@3c7f66c4]" started-at="2021-08-03T15:29:28 IST" name="bMethod" finished-at="2021-08-03T15:29:28 IST" duration-ms="0" status="PASS">
          <reporter-output>
          </reporter-output>
        </test-method> <!-- bMethod -->
        <test-method is-config="true" signature="aClass()[pri:0, instance:test.Day4@3c7f66c4]" started-at="2021-08-03T15:29:28 IST" name="aClass" finished-at="2021-08-03T15:29:28 IST" duration-ms="1" status="PASS">
          <reporter-output>
          </reporter-output>
        </test-method> <!-- aClass -->
        <test-method is-config="true" signature="aMethod()[pri:0, instance:test.Day4@3c7f66c4]" started-at="2021-08-03T15:29:28 IST" name="aMethod" finished-at="2021-08-03T15:29:28 IST" duration-ms="0" status="PASS">
          <reporter-output>
          </reporter-output>
        </test-method> <!-- aMethod -->
      </class> <!-- test.Day4 -->
    </test> <!-- Home Loan -->
  </suite> <!-- Loan Department -->
</testng-results>
