<?xml version="1.0" encoding="UTF-8"?>
<!-- Generated by org.testng.reporters.JUnitXMLReporter -->
<testsuite ignored="1" hostname="LAPTOP-40EPTFGM" failures="0" tests="6" name="Car Loan" time="0.044" errors="0" timestamp="2021-08-03T15:29:28 IST">
  <testcase classname="test.Day3" name="mobileLoginCarLoan" time="0.006"/>
  <testcase classname="test.Day3" name="mobileLoginCarLoan" time="0.001"/>
  <testcase classname="test.Day3" name="mobileLoginCarLoan" time="0.002"/>
  <testcase classname="test.Day3" name="mobileSignInCarLoan" time="0.001"/>
  <testcase classname="test.Day3" name="webLoginCarLoan" time="0.001"/>
  <testcase classname="test.Day3" name="mobileSignOutCarLoan" time="0.001"/>
  <testcase classname="test.Day3" name="APILoginCarLoan" time="0.0">
    <ignored/>
  </testcase> <!-- APILoginCarLoan -->
</testsuite> <!-- Car Loan -->
