<?xml version="1.0" encoding="UTF-8"?>
<!-- Generated by org.testng.reporters.JUnitXMLReporter -->
<testsuite ignored="0" hostname="LAPTOP-40EPTFGM" failures="0" tests="3" name="Home Loan" time="0.018" errors="0" timestamp="2021-08-03T15:29:28 IST">
  <testcase classname="test.Day4" name="loginAPIHomeLoan" time="0.002"/>
  <testcase classname="test.Day4" name="mobileLoginHomeLoan" time="0.001"/>
  <testcase classname="test.Day4" name="webLoginHomeLoan" time="0.001"/>
</testsuite> <!-- Home Loan -->
