<?xml version="1.0" encoding="UTF-8"?>
<!-- Generated by org.testng.reporters.JUnitXMLReporter -->
<testsuite ignored="1" hostname="LAPTOP-40EPTFGM" failures="0" tests="3" name="Personal Loan" time="0.036" errors="0" timestamp="2021-08-03T15:29:28 IST">
  <testcase classname="test.Day1" name="demo" time="0.005"/>
  <testcase classname="test.Day2" name="ploan" time="0.008"/>
  <testcase classname="test.Day2" name="test" time="0.001"/>
  <testcase classname="test.Day1" name="secondTest" time="0.0">
    <ignored/>
  </testcase> <!-- secondTest -->
</testsuite> <!-- Personal Loan -->
